
Showing logs for build [32mbeppevanrolleghem-frontend-node-h6ln8-1[0m stage [32mfrom-build-pack[0m and container [32mstep-credential-initializer-frhgb[0m
{"level":"warn","ts":1587024194.8152282,"logger":"fallback-logger","caller":"logging/config.go:69","msg":"Fetch GitHub commit ID from kodata failed: \"ref: refs/heads/0.8.0-**-support-backwards-incompats\" is not a valid GitHub commit ID"}
{"level":"info","ts":1587024194.8158188,"logger":"fallback-logger","caller":"creds-init/main.go:40","msg":"Credentials initialized."}

Showing logs for build [32mbeppevanrolleghem-frontend-node-h6ln8-1[0m stage [32mfrom-build-pack[0m and container [32mstep-working-dir-initializer-gt2qb[0m
{"level":"warn","ts":1587024195.8094337,"logger":"fallback-logger","caller":"logging/config.go:69","msg":"Fetch GitHub commit ID from kodata failed: open /var/run/ko/HEAD: no such file or directory"}
{"level":"info","ts":1587024195.8106637,"logger":"fallback-logger","caller":"bash/main.go:64","msg":"Successfully executed command \"sh -c mkdir -p /workspace/source\"; output "}

Showing logs for build [32mbeppevanrolleghem-frontend-node-h6ln8-1[0m stage [32mfrom-build-pack[0m and container [32mstep-place-tools[0m

Showing logs for build [32mbeppevanrolleghem-frontend-node-h6ln8-1[0m stage [32mfrom-build-pack[0m and container [32mstep-git-source-beppevanrolleghem-frontend-node-h6ln8-87nz4[0m
{"level":"warn","ts":1587024255.9723551,"logger":"fallback-logger","caller":"logging/config.go:69","msg":"Fetch GitHub commit ID from kodata failed: \"ref: refs/heads/0.8.0-**-support-backwards-incompats\" is not a valid GitHub commit ID"}
{"level":"info","ts":1587024257.3991692,"logger":"fallback-logger","caller":"git/git.go:103","msg":"Successfully cloned https://github.com/*****************/frontend-node.git @ v0.0.1 in path /workspace/source"}

Showing logs for build [32mbeppevanrolleghem-frontend-node-h6ln8-1[0m stage [32mfrom-build-pack[0m and container [32mstep-git-merge[0m
Using SHAs from PULL_REFS=master:3a221a5e9ffd895a0e4e0cd0fd37931e587ac9ab
WARNING: no SHAs to merge, falling back to initial cloned commit

Showing logs for build [32mbeppevanrolleghem-frontend-node-h6ln8-1[0m stage [32mfrom-build-pack[0m and container [32mstep-setup-jx-git-credentials[0m
Generated Git credentials file /workspace/xdg_config/git/credentials

Showing logs for build [32mbeppevanrolleghem-frontend-node-h6ln8-1[0m stage [32mfrom-build-pack[0m and container [32mstep-build-npmrc[0m
Command "credential" is deprecated, it will be removed on Jun 1 2020.  This is replaced by Tekton's mounted secrets
WARNING: failed to find Secret npm-token in namespace **

Showing logs for build [32mbeppevanrolleghem-frontend-node-h6ln8-1[0m stage [32mfrom-build-pack[0m and container [32mstep-build-npm-install[0m
npm notice created a lockfile as package-lock.json. You should commit this file.
npm WARN REPLACE_ME@1.0.0 No repository field.
npm WARN REPLACE_ME@1.0.0 No license field.

up to date in 1.197s
found 0 vulnerabilities


Showing logs for build [32mbeppevanrolleghem-frontend-node-h6ln8-1[0m stage [32mfrom-build-pack[0m and container [32mstep-build-npm-test[0m

> REPLACE_ME@1.0.0 test /workspace/source
> echo "no test specified" && exit 0

no test specified

Showing logs for build [32mbeppevanrolleghem-frontend-node-h6ln8-1[0m stage [32mfrom-build-pack[0m and container [32mstep-build-container-build[0m
ERROR: logging before flag.Parse: W0416 08:04:24.076828       9 metadata.go:250] Google container registry is disabled, no storage scope is available: ["https://www.googleapis.com/auth/logging.write","https://www.googleapis.com/auth/monitoring"]
[36mINFO[0m[0000] Resolved base name node:9-slim to node:9-slim 
[36mINFO[0m[0000] Using dockerignore file: /workspace/source/.dockerignore 
[36mINFO[0m[0000] Resolved base name node:9-slim to node:9-slim 
[36mINFO[0m[0000] Retrieving image manifest node:9-slim        
ERROR: logging before flag.Parse: E0416 08:04:24.544384       9 metadata.go:142] while reading 'google-dockercfg' metadata: http status code: 404 while fetching url http://metadata.google.internal./computeMetadata/v1/instance/attributes/google-dockercfg
ERROR: logging before flag.Parse: E0416 08:04:24.549955       9 metadata.go:159] while reading 'google-dockercfg-url' metadata: http status code: 404 while fetching url http://metadata.google.internal./computeMetadata/v1/instance/attributes/google-dockercfg-url
[36mINFO[0m[0001] Retrieving image manifest node:9-slim        
[36mINFO[0m[0002] Built cross stage deps: map[]                
[36mINFO[0m[0002] Retrieving image manifest node:9-slim        
[36mINFO[0m[0003] Retrieving image manifest node:9-slim        
[36mINFO[0m[0004] cmd: EXPOSE                                  
[36mINFO[0m[0004] Adding exposed port: 8080/tcp                
[36mINFO[0m[0004] Checking for cached layer gcr.io/flowfactor/cache:ed6084cc7167737cc19277dc29ccbc0f35ecca6b8467105d6a1b1acf247f741f... 
[36mINFO[0m[0004] No cached layer found for cmd COPY . .       
[36mINFO[0m[0004] Unpacking rootfs as cmd COPY . . requires it. 
[36mINFO[0m[0010] Taking snapshot of full filesystem...        
[36mINFO[0m[0011] Resolving paths                              
[36mINFO[0m[0013] ENV PORT 8080                                
[36mINFO[0m[0013] No files changed in this command, skipping snapshotting. 
[36mINFO[0m[0013] EXPOSE 8080                                  
[36mINFO[0m[0013] cmd: EXPOSE                                  
[36mINFO[0m[0013] Adding exposed port: 8080/tcp                
[36mINFO[0m[0013] No files changed in this command, skipping snapshotting. 
[36mINFO[0m[0013] WORKDIR /usr/src/app                         
[36mINFO[0m[0013] cmd: workdir                                 
[36mINFO[0m[0013] Changed working directory to /usr/src/app    
[36mINFO[0m[0013] Creating directory /usr/src/app              
[36mINFO[0m[0013] Resolving paths                              
[36mINFO[0m[0013] Taking snapshot of files...                  
[36mINFO[0m[0013] COPY . .                                     
[36mINFO[0m[0013] Resolving paths                              
[36mINFO[0m[0013] Taking snapshot of files...                  
[36mINFO[0m[0013] CMD ["npm", "start"]                         
[36mINFO[0m[0013] No files changed in this command, skipping snapshotting. 
[36mINFO[0m[0013] Pushing layer gcr.io/flowfactor/cache:ed6084cc7167737cc19277dc29ccbc0f35ecca6b8467105d6a1b1acf247f741f to cache now 

Showing logs for build [32mbeppevanrolleghem-frontend-node-h6ln8-1[0m stage [32mfrom-build-pack[0m and container [32mstep-build-post-build[0m
no CVE provider running in the current ** namespace so skip adding image to be analysed

Showing logs for build [32mbeppevanrolleghem-frontend-node-h6ln8-1[0m stage [32mfrom-build-pack[0m and container [32mstep-promote-changelog[0m
Converted /workspace/source/charts/frontend-node to an unshallow repository
Generating change log from git ref 234bc3e264097e1cf6ecfb5d7e2733d858aff054 => 57f67733ec0385de487bd4c456aa5e736641f738
Associating user x-0 in users.jenkins.io with email beppe.vanrolleghem@gmail.com to git GitProvider user with login -0 as emails match
Adding label jenkins.io/git-github-userid=-0 to user x-0 in users.jenkins.io
WARNING: Failed to enrich commit 3a221a5e9ffd895a0e4e0cd0fd37931e587ac9ab with issues: User.jenkins.io "x-0" is invalid: metadata.labels: Invalid value: "-0": a valid label must be an empty string or consist of alphanumeric characters, '-', '_' or '.', and must start and end with an alphanumeric character (e.g. 'MyValue',  or 'my_value',  or '12345', regex used for validation is '(([A-Za-z0-9][-A-Za-z0-9_.]*)?[A-Za-z0-9])?')
Finding issues in commit messages using git format
WARNING: No release found for *****************/frontend-node and tag v0.0.1 so creating a new release
Updated the release information at https://github.com/*****************/frontend-node/releases/tag/v0.0.1
generated: /workspace/source/charts/frontend-node/templates/release.yaml
Created Release frontend-node-0-0-1 resource in namespace **
Updating PipelineActivity *****************-frontend-node-master-1 with version 0.0.1
Updated PipelineActivities *****************-frontend-node-master-1 with release notes URL: https://github.com/*****************/frontend-node/releases/tag/v0.0.1

Showing logs for build [32mbeppevanrolleghem-frontend-node-h6ln8-1[0m stage [32mfrom-build-pack[0m and container [32mstep-promote-helm-release[0m
WARNING: No $CHART_REPOSITORY defined so using the default value of: http://jenkins-x-chartmuseum:8080
Adding missing Helm repo: storage.googleapis.com https://storage.googleapis.com/chartmuseum.jenkins-x.io
Successfully added Helm repository storage.googleapis.com.
Adding missing Helm repo: jenkins-x-chartmuseum http://jenkins-x-chartmuseum:8080
Successfully added Helm repository jenkins-x-chartmuseum.
WARNING: No $CHART_REPOSITORY defined so using the default value of: http://jenkins-x-chartmuseum:8080
Uploading chart file frontend-node-0.0.1.tgz to http://jenkins-x-chartmuseum:8080/api/charts
Received 201 response: {"saved":true}

Showing logs for build [32mbeppevanrolleghem-frontend-node-h6ln8-1[0m stage [32mfrom-build-pack[0m and container [32mstep-promote-jx-promote[0m
WARNING: prow based install so skip waiting for the merge of Pull Requests to go green as currently there is an issue with gettingstatuses from the PR, see https://github.com/jenkins-x/**/issues/2410
WARNING: No $CHART_REPOSITORY defined so using the default value of: http://jenkins-x-chartmuseum:8080
Promoting app frontend-node version 0.0.1 to namespace **-staging
WARNING: 
Created Pull Request: https://github.com/*****************/environment-ff-stage-euw1-gkecluster-primary-staging/pull/1
Added label updatebot to Pull Request https://github.com/*****************/environment-ff-stage-euw1-gkecluster-primary-staging/pull/1
got git provider status pending from PR https://github.com/*****************/environment-ff-stage-euw1-gkecluster-primary-staging/pull/1
got git provider status pending from PR https://github.com/*****************/environment-ff-stage-euw1-gkecluster-primary-staging/pull/1
got git provider status pending from PR https://github.com/*****************/environment-ff-stage-euw1-gkecluster-primary-staging/pull/1
got git provider status pending from PR https://github.com/*****************/environment-ff-stage-euw1-gkecluster-primary-staging/pull/1
Pull Request https://github.com/*****************/environment-ff-stage-euw1-gkecluster-primary-staging/pull/1 is merged at sha 00dccad5c7fee84790ec02433c78bb6ed2930d40
Pull Request merged but we are not waiting for the update pipeline to complete!
WARNING: Could not find the service URL in namespace **-staging for names frontend-node, **-frontend-node, **-staging-frontend-node
